# JRE version: Java(TM) SE Runtime Environment (8.0_144-b01) (build 1.8.0_144-b01)
# Java VM: Java HotSpot(TM) 64-Bit Server VM (25.144-b01 mixed mode windows-amd64 compressed oops)
Heap:
 PSYoungGen      total 491520K, used 209854K [0x00000000e0000000, 0x00000000ffd80000, 0x0000000100000000)
  eden space 461312K, 43% used [0x00000000e0000000,0x00000000ec3596c8,0x00000000fc280000)
  from space 30208K, 32% used [0x00000000fc280000,0x00000000fcc162b8,0x00000000fe000000)
  to   space 29184K, 0% used [0x00000000fe100000,0x00000000fe100000,0x00000000ffd80000)
 ParOldGen       total 175616K, used 108808K [0x00000000a0000000, 0x00000000aab80000, 0x00000000e0000000)
  object space 175616K, 61% used [0x00000000a0000000,0x00000000a6a42168,0x00000000aab80000)
 Metaspace       used 102677K, capacity 109592K, committed 109824K, reserved 1144832K
  class space    used 13353K, capacity 14483K, committed 14592K, reserved 1048576K
GC Heap History (10 events):
Event: 2920.706 GC heap before
{Heap before GC invocations=45 (full 4):
 PSYoungGen      total 489472K, used 458336K [0x00000000e0000000, 0x0000000100000000, 0x0000000100000000)
  eden space 455680K, 100% used [0x00000000e0000000,0x00000000fbd00000,0x00000000fbd00000)
  from space 33792K, 7% used [0x00000000fdf00000,0x00000000fe198010,0x0000000100000000)
  to   space 34304K, 0% used [0x00000000fbd00000,0x00000000fbd00000,0x00000000fde80000)
 ParOldGen       total 175616K, used 80790K [0x00000000a0000000, 0x00000000aab80000, 0x00000000e0000000)
  object space 175616K, 46% used [0x00000000a0000000,0x00000000a4ee59b8,0x00000000aab80000)
 Metaspace       used 102379K, capacity 109192K, committed 109440K, reserved 1144832K
  class space    used 13338K, capacity 14461K, committed 14464K, reserved 1048576K
Event: 2920.805 GC heap after
Heap after GC invocations=45 (full 4):
 PSYoungGen      total 465408K, used 9504K [0x00000000e0000000, 0x00000000ffd80000, 0x0000000100000000)
  eden space 455680K, 0% used [0x00000000e0000000,0x00000000e0000000,0x00000000fbd00000)
  from space 9728K, 97% used [0x00000000fbd00000,0x00000000fc648010,0x00000000fc680000)
  to   space 32768K, 0% used [0x00000000fdd80000,0x00000000fdd80000,0x00000000ffd80000)
 ParOldGen       total 175616K, used 83278K [0x00000000a0000000, 0x00000000aab80000, 0x00000000e0000000)
  object space 175616K, 47% used [0x00000000a0000000,0x00000000a51538a0,0x00000000aab80000)
 Metaspace       used 102379K, capacity 109192K, committed 109440K, reserved 1144832K
  class space    used 13338K, capacity 14461K, committed 14464K, reserved 1048576K
}
Event: 2933.836 GC heap before
{Heap before GC invocations=46 (full 4):
 PSYoungGen      total 465408K, used 465184K [0x00000000e0000000, 0x00000000ffd80000, 0x0000000100000000)
  eden space 455680K, 100% used [0x00000000e0000000,0x00000000fbd00000,0x00000000fbd00000)
  from space 9728K, 97% used [0x00000000fbd00000,0x00000000fc648010,0x00000000fc680000)
  to   space 32768K, 0% used [0x00000000fdd80000,0x00000000fdd80000,0x00000000ffd80000)
 ParOldGen       total 175616K, used 83278K [0x00000000a0000000, 0x00000000aab80000, 0x00000000e0000000)
  object space 175616K, 47% used [0x00000000a0000000,0x00000000a51538a0,0x00000000aab80000)
 Metaspace       used 102407K, capacity 109280K, committed 109568K, reserved 1144832K
  class space    used 13341K, capacity 14465K, committed 14592K, reserved 1048576K
Event: 2933.869 GC heap after
Heap after GC invocations=46 (full 4):
 PSYoungGen      total 490496K, used 13344K [0x00000000e0000000, 0x0000000100000000, 0x0000000100000000)
  eden space 457728K, 0% used [0x00000000e0000000,0x00000000e0000000,0x00000000fbf00000)
  from space 32768K, 40% used [0x00000000fdd80000,0x00000000fea88370,0x00000000ffd80000)
  to   space 31232K, 0% used [0x00000000fbf00000,0x00000000fbf00000,0x00000000fdd80000)
 ParOldGen       total 175616K, used 90870K [0x00000000a0000000, 0x00000000aab80000, 0x00000000e0000000)
  object space 175616K, 51% used [0x00000000a0000000,0x00000000a58bd8e0,0x00000000aab80000)
 Metaspace       used 102407K, capacity 109280K, committed 109568K, reserved 1144832K
  class space    used 13341K, capacity 14465K, committed 14592K, reserved 1048576K
}
Event: 2934.574 GC heap before
{Heap before GC invocations=47 (full 4):
 PSYoungGen      total 490496K, used 471072K [0x00000000e0000000, 0x0000000100000000, 0x0000000100000000)
  eden space 457728K, 100% used [0x00000000e0000000,0x00000000fbf00000,0x00000000fbf00000)
  from space 32768K, 40% used [0x00000000fdd80000,0x00000000fea88370,0x00000000ffd80000)
  to   space 31232K, 0% used [0x00000000fbf00000,0x00000000fbf00000,0x00000000fdd80000)
 ParOldGen       total 175616K, used 90870K [0x00000000a0000000, 0x00000000aab80000, 0x00000000e0000000)
  object space 175616K, 51% used [0x00000000a0000000,0x00000000a58bd8e0,0x00000000aab80000)
 Metaspace       used 102423K, capacity 109352K, committed 109568K, reserved 1144832K
  class space    used 13343K, capacity 14467K, committed 14592K, reserved 1048576K
Event: 2934.591 GC heap after
Heap after GC invocations=47 (full 4):
 PSYoungGen      total 488960K, used 2016K [0x00000000e0000000, 0x00000000ffe80000, 0x0000000100000000)
  eden space 457728K, 0% used [0x00000000e0000000,0x00000000e0000000,0x00000000fbf00000)
  from space 31232K, 6% used [0x00000000fbf00000,0x00000000fc0f8010,0x00000000fdd80000)
  to   space 31232K, 0% used [0x00000000fe000000,0x00000000fe000000,0x00000000ffe80000)
 ParOldGen       total 175616K, used 101077K [0x00000000a0000000, 0x00000000aab80000, 0x00000000e0000000)
  object space 175616K, 57% used [0x00000000a0000000,0x00000000a62b5720,0x00000000aab80000)
 Metaspace       used 102423K, capacity 109352K, committed 109568K, reserved 1144832K
  class space    used 13343K, capacity 14467K, committed 14592K, reserved 1048576K
}
Event: 3818.582 GC heap before
{Heap before GC invocations=48 (full 4):
 PSYoungGen      total 488960K, used 459744K [0x00000000e0000000, 0x00000000ffe80000, 0x0000000100000000)
  eden space 457728K, 100% used [0x00000000e0000000,0x00000000fbf00000,0x00000000fbf00000)
  from space 31232K, 6% used [0x00000000fbf00000,0x00000000fc0f8010,0x00000000fdd80000)
  to   space 31232K, 0% used [0x00000000fe000000,0x00000000fe000000,0x00000000ffe80000)
 ParOldGen       total 175616K, used 101077K [0x00000000a0000000, 0x00000000aab80000, 0x00000000e0000000)
  object space 175616K, 57% used [0x00000000a0000000,0x00000000a62b5720,0x00000000aab80000)
 Metaspace       used 102637K, capacity 109588K, committed 109824K, reserved 1144832K
  class space    used 13352K, capacity 14483K, committed 14592K, reserved 1048576K
Event: 3818.623 GC heap after
Heap after GC invocations=48 (full 4):
 PSYoungGen      total 492032K, used 8096K [0x00000000e0000000, 0x00000000ffe00000, 0x0000000100000000)
  eden space 461312K, 0% used [0x00000000e0000000,0x00000000e0000000,0x00000000fc280000)
  from space 30720K, 26% used [0x00000000fe000000,0x00000000fe7e8070,0x00000000ffe00000)
  to   space 30208K, 0% used [0x00000000fc280000,0x00000000fc280000,0x00000000fe000000)
 ParOldGen       total 175616K, used 101637K [0x00000000a0000000, 0x00000000aab80000, 0x00000000e0000000)
  object space 175616K, 57% used [0x00000000a0000000,0x00000000a6341740,0x00000000aab80000)
 Metaspace       used 102637K, capacity 109588K, committed 109824K, reserved 1144832K
  class space    used 13352K, capacity 14483K, committed 14592K, reserved 1048576K
}
Event: 3841.942 GC heap before
{Heap before GC invocations=49 (full 4):
 PSYoungGen      total 492032K, used 469408K [0x00000000e0000000, 0x00000000ffe00000, 0x0000000100000000)
  eden space 461312K, 100% used [0x00000000e0000000,0x00000000fc280000,0x00000000fc280000)
  from space 30720K, 26% used [0x00000000fe000000,0x00000000fe7e8070,0x00000000ffe00000)
  to   space 30208K, 0% used [0x00000000fc280000,0x00000000fc280000,0x00000000fe000000)
 ParOldGen       total 175616K, used 101637K [0x00000000a0000000, 0x00000000aab80000, 0x00000000e0000000)
  object space 175616K, 57% used [0x00000000a0000000,0x00000000a6341740,0x00000000aab80000)
 Metaspace       used 102674K, capacity 109592K, committed 109824K, reserved 1144832K
  class space    used 13352K, capacity 14483K, committed 14592K, reserved 1048576K
Event: 3842.374 GC heap after
Heap after GC invocations=49 (full 4):
 PSYoungGen      total 491520K, used 9816K [0x00000000e0000000, 0x00000000ffd80000, 0x0000000100000000)
  eden space 461312K, 0% used [0x00000000e0000000,0x00000000e0000000,0x00000000fc280000)
  from space 30208K, 32% used [0x00000000fc280000,0x00000000fcc162b8,0x00000000fe000000)
  to   space 29184K, 0% used [0x00000000fe100000,0x00000000fe100000,0x00000000ffd80000)
 ParOldGen       total 175616K, used 108808K [0x00000000a0000000, 0x00000000aab80000, 0x00000000e0000000)
  object space 175616K, 61% used [0x00000000a0000000,0x00000000a6a42168,0x00000000aab80000)
 Metaspace       used 102674K, capacity 109592K, committed 109824K, reserved 1144832K
  class space    used 13352K, capacity 14483K, committed 14592K, reserved 1048576K
}

