# JRE version: Java(TM) SE Runtime Environment (8.0_144-b01) (build 1.8.0_144-b01)
# Java VM: Java HotSpot(TM) 64-Bit Server VM (25.144-b01 mixed mode windows-amd64 compressed oops)
Heap:
 PSYoungGen      total 204800K, used 60054K [0x00000000e0000000, 0x00000000f4280000, 0x0000000100000000)
  eden space 185344K, 21% used [0x00000000e0000000,0x00000000e27a6768,0x00000000eb500000)
  from space 19456K, 99% used [0x00000000eb500000,0x00000000ec7ff2a8,0x00000000ec800000)
  to   space 23040K, 0% used [0x00000000f2c00000,0x00000000f2c00000,0x00000000f4280000)
 ParOldGen       total 107008K, used 31805K [0x00000000a0000000, 0x00000000a6880000, 0x00000000e0000000)
  object space 107008K, 29% used [0x00000000a0000000,0x00000000a1f0f4f8,0x00000000a6880000)
 Metaspace       used 62873K, capacity 65474K, committed 65664K, reserved 1105920K
  class space    used 8702K, capacity 9248K, committed 9344K, reserved 1048576K
GC Heap History (10 events):
Event: 19.866 GC heap before
{Heap before GC invocations=12 (full 2):
 PSYoungGen      total 121344K, used 110592K [0x00000000e0000000, 0x00000000eaf00000, 0x0000000100000000)
  eden space 110592K, 100% used [0x00000000e0000000,0x00000000e6c00000,0x00000000e6c00000)
  from space 10752K, 0% used [0x00000000e6c00000,0x00000000e6c00000,0x00000000e7680000)
  to   space 11264K, 0% used [0x00000000ea400000,0x00000000ea400000,0x00000000eaf00000)
 ParOldGen       total 85504K, used 15926K [0x00000000a0000000, 0x00000000a5380000, 0x00000000e0000000)
  object space 85504K, 18% used [0x00000000a0000000,0x00000000a0f8d998,0x00000000a5380000)
 Metaspace       used 45743K, capacity 46758K, committed 47104K, reserved 1089536K
  class space    used 6300K, capacity 6574K, committed 6656K, reserved 1048576K
Event: 19.886 GC heap after
Heap after GC invocations=12 (full 2):
 PSYoungGen      total 155136K, used 11236K [0x00000000e0000000, 0x00000000eaf00000, 0x0000000100000000)
  eden space 143872K, 0% used [0x00000000e0000000,0x00000000e0000000,0x00000000e8c80000)
  from space 11264K, 99% used [0x00000000ea400000,0x00000000eaef91a0,0x00000000eaf00000)
  to   space 13824K, 0% used [0x00000000e9400000,0x00000000e9400000,0x00000000ea180000)
 ParOldGen       total 85504K, used 19880K [0x00000000a0000000, 0x00000000a5380000, 0x00000000e0000000)
  object space 85504K, 23% used [0x00000000a0000000,0x00000000a136a238,0x00000000a5380000)
 Metaspace       used 45743K, capacity 46758K, committed 47104K, reserved 1089536K
  class space    used 6300K, capacity 6574K, committed 6656K, reserved 1048576K
}
Event: 24.248 GC heap before
{Heap before GC invocations=13 (full 2):
 PSYoungGen      total 155136K, used 155108K [0x00000000e0000000, 0x00000000eaf00000, 0x0000000100000000)
  eden space 143872K, 100% used [0x00000000e0000000,0x00000000e8c80000,0x00000000e8c80000)
  from space 11264K, 99% used [0x00000000ea400000,0x00000000eaef91a0,0x00000000eaf00000)
  to   space 13824K, 0% used [0x00000000e9400000,0x00000000e9400000,0x00000000ea180000)
 ParOldGen       total 85504K, used 19880K [0x00000000a0000000, 0x00000000a5380000, 0x00000000e0000000)
  object space 85504K, 23% used [0x00000000a0000000,0x00000000a136a238,0x00000000a5380000)
 Metaspace       used 57307K, capacity 58902K, committed 59028K, reserved 1099776K
  class space    used 7963K, capacity 8376K, committed 8448K, reserved 1048576K
Event: 24.297 GC heap after
Heap after GC invocations=13 (full 2):
 PSYoungGen      total 165376K, used 13821K [0x00000000e0000000, 0x00000000eda00000, 0x0000000100000000)
  eden space 151552K, 0% used [0x00000000e0000000,0x00000000e0000000,0x00000000e9400000)
  from space 13824K, 99% used [0x00000000e9400000,0x00000000ea17f600,0x00000000ea180000)
  to   space 18432K, 0% used [0x00000000ec800000,0x00000000ec800000,0x00000000eda00000)
 ParOldGen       total 85504K, used 28714K [0x00000000a0000000, 0x00000000a5380000, 0x00000000e0000000)
  object space 85504K, 33% used [0x00000000a0000000,0x00000000a1c0a918,0x00000000a5380000)
 Metaspace       used 57307K, capacity 58902K, committed 59028K, reserved 1099776K
  class space    used 7963K, capacity 8376K, committed 8448K, reserved 1048576K
}
Event: 24.298 GC heap before
{Heap before GC invocations=14 (full 2):
 PSYoungGen      total 165376K, used 16835K [0x00000000e0000000, 0x00000000eda00000, 0x0000000100000000)
  eden space 151552K, 1% used [0x00000000e0000000,0x00000000e02f1830,0x00000000e9400000)
  from space 13824K, 99% used [0x00000000e9400000,0x00000000ea17f600,0x00000000ea180000)
  to   space 18432K, 0% used [0x00000000ec800000,0x00000000ec800000,0x00000000eda00000)
 ParOldGen       total 85504K, used 28714K [0x00000000a0000000, 0x00000000a5380000, 0x00000000e0000000)
  object space 85504K, 33% used [0x00000000a0000000,0x00000000a1c0a918,0x00000000a5380000)
 Metaspace       used 57318K, capacity 58902K, committed 59028K, reserved 1099776K
  class space    used 7965K, capacity 8376K, committed 8448K, reserved 1048576K
Event: 24.313 GC heap after
Heap after GC invocations=14 (full 2):
 PSYoungGen      total 203776K, used 96K [0x00000000e0000000, 0x00000000f0f00000, 0x0000000100000000)
  eden space 185344K, 0% used [0x00000000e0000000,0x00000000e0000000,0x00000000eb500000)
  from space 18432K, 0% used [0x00000000ec800000,0x00000000ec818000,0x00000000eda00000)
  to   space 19456K, 0% used [0x00000000eb500000,0x00000000eb500000,0x00000000ec800000)
 ParOldGen       total 85504K, used 36121K [0x00000000a0000000, 0x00000000a5380000, 0x00000000e0000000)
  object space 85504K, 42% used [0x00000000a0000000,0x00000000a2346700,0x00000000a5380000)
 Metaspace       used 57318K, capacity 58902K, committed 59028K, reserved 1099776K
  class space    used 7965K, capacity 8376K, committed 8448K, reserved 1048576K
}
Event: 24.313 GC heap before
{Heap before GC invocations=15 (full 3):
 PSYoungGen      total 203776K, used 96K [0x00000000e0000000, 0x00000000f0f00000, 0x0000000100000000)
  eden space 185344K, 0% used [0x00000000e0000000,0x00000000e0000000,0x00000000eb500000)
  from space 18432K, 0% used [0x00000000ec800000,0x00000000ec818000,0x00000000eda00000)
  to   space 19456K, 0% used [0x00000000eb500000,0x00000000eb500000,0x00000000ec800000)
 ParOldGen       total 85504K, used 36121K [0x00000000a0000000, 0x00000000a5380000, 0x00000000e0000000)
  object space 85504K, 42% used [0x00000000a0000000,0x00000000a2346700,0x00000000a5380000)
 Metaspace       used 57318K, capacity 58902K, committed 59028K, reserved 1099776K
  class space    used 7965K, capacity 8376K, committed 8448K, reserved 1048576K
Event: 24.664 GC heap after
Heap after GC invocations=15 (full 3):
 PSYoungGen      total 203776K, used 0K [0x00000000e0000000, 0x00000000f0f00000, 0x0000000100000000)
  eden space 185344K, 0% used [0x00000000e0000000,0x00000000e0000000,0x00000000eb500000)
  from space 18432K, 0% used [0x00000000ec800000,0x00000000ec800000,0x00000000eda00000)
  to   space 19456K, 0% used [0x00000000eb500000,0x00000000eb500000,0x00000000ec800000)
 ParOldGen       total 107008K, used 29256K [0x00000000a0000000, 0x00000000a6880000, 0x00000000e0000000)
  object space 107008K, 27% used [0x00000000a0000000,0x00000000a1c92358,0x00000000a6880000)
 Metaspace       used 57318K, capacity 58902K, committed 59028K, reserved 1099776K
  class space    used 7965K, capacity 8376K, committed 8448K, reserved 1048576K
}
Event: 39.122 GC heap before
{Heap before GC invocations=16 (full 3):
 PSYoungGen      total 203776K, used 184416K [0x00000000e0000000, 0x00000000f0f00000, 0x0000000100000000)
  eden space 185344K, 99% used [0x00000000e0000000,0x00000000eb418100,0x00000000eb500000)
  from space 18432K, 0% used [0x00000000ec800000,0x00000000ec800000,0x00000000eda00000)
  to   space 19456K, 0% used [0x00000000eb500000,0x00000000eb500000,0x00000000ec800000)
 ParOldGen       total 107008K, used 29256K [0x00000000a0000000, 0x00000000a6880000, 0x00000000e0000000)
  object space 107008K, 27% used [0x00000000a0000000,0x00000000a1c92358,0x00000000a6880000)
 Metaspace       used 62418K, capacity 64930K, committed 65024K, reserved 1105920K
  class space    used 8653K, capacity 9168K, committed 9216K, reserved 1048576K
Event: 39.201 GC heap after
Heap after GC invocations=16 (full 3):
 PSYoungGen      total 204800K, used 19452K [0x00000000e0000000, 0x00000000f4280000, 0x0000000100000000)
  eden space 185344K, 0% used [0x00000000e0000000,0x00000000e0000000,0x00000000eb500000)
  from space 19456K, 99% used [0x00000000eb500000,0x00000000ec7ff2a8,0x00000000ec800000)
  to   space 23040K, 0% used [0x00000000f2c00000,0x00000000f2c00000,0x00000000f4280000)
 ParOldGen       total 107008K, used 31805K [0x00000000a0000000, 0x00000000a6880000, 0x00000000e0000000)
  object space 107008K, 29% used [0x00000000a0000000,0x00000000a1f0f4f8,0x00000000a6880000)
 Metaspace       used 62418K, capacity 64930K, committed 65024K, reserved 1105920K
  class space    used 8653K, capacity 9168K, committed 9216K, reserved 1048576K
}

