# JRE version: Java(TM) SE Runtime Environment (8.0_144-b01) (build 1.8.0_144-b01)
# Java VM: Java HotSpot(TM) 64-Bit Server VM (25.144-b01 mixed mode windows-amd64 compressed oops)
Heap:
 PSYoungGen      total 205824K, used 45654K [0x00000000e0000000, 0x00000000ee300000, 0x0000000100000000)
  eden space 189440K, 15% used [0x00000000e0000000,0x00000000e1c96830,0x00000000eb900000)
  from space 16384K, 99% used [0x00000000ec700000,0x00000000ed6ff088,0x00000000ed700000)
  to   space 12288K, 0% used [0x00000000ed700000,0x00000000ed700000,0x00000000ee300000)
 ParOldGen       total 125440K, used 44462K [0x00000000a0000000, 0x00000000a7a80000, 0x00000000e0000000)
  object space 125440K, 35% used [0x00000000a0000000,0x00000000a2b6bad0,0x00000000a7a80000)
 Metaspace       used 72667K, capacity 74874K, committed 75008K, reserved 1114112K
  class space    used 9650K, capacity 10162K, committed 10240K, reserved 1048576K
GC Heap History (10 events):
Event: 11.361 GC heap before
{Heap before GC invocations=12 (full 2):
 PSYoungGen      total 130560K, used 119808K [0x00000000e0000000, 0x00000000ec380000, 0x0000000100000000)
  eden space 119808K, 100% used [0x00000000e0000000,0x00000000e7500000,0x00000000e7500000)
  from space 10752K, 0% used [0x00000000e7500000,0x00000000e7500000,0x00000000e7f80000)
  to   space 11776K, 0% used [0x00000000eb800000,0x00000000eb800000,0x00000000ec380000)
 ParOldGen       total 78848K, used 16827K [0x00000000a0000000, 0x00000000a4d00000, 0x00000000e0000000)
  object space 78848K, 21% used [0x00000000a0000000,0x00000000a106ed60,0x00000000a4d00000)
 Metaspace       used 45832K, capacity 46844K, committed 47104K, reserved 1089536K
  class space    used 6321K, capacity 6599K, committed 6656K, reserved 1048576K
Event: 11.376 GC heap after
Heap after GC invocations=12 (full 2):
 PSYoungGen      total 169984K, used 11762K [0x00000000e0000000, 0x00000000ec380000, 0x0000000100000000)
  eden space 158208K, 0% used [0x00000000e0000000,0x00000000e0000000,0x00000000e9a80000)
  from space 11776K, 99% used [0x00000000eb800000,0x00000000ec37c800,0x00000000ec380000)
  to   space 14336K, 0% used [0x00000000ea780000,0x00000000ea780000,0x00000000eb580000)
 ParOldGen       total 78848K, used 20773K [0x00000000a0000000, 0x00000000a4d00000, 0x00000000e0000000)
  object space 78848K, 26% used [0x00000000a0000000,0x00000000a14497b0,0x00000000a4d00000)
 Metaspace       used 45832K, capacity 46844K, committed 47104K, reserved 1089536K
  class space    used 6321K, capacity 6599K, committed 6656K, reserved 1048576K
}
Event: 13.065 GC heap before
{Heap before GC invocations=13 (full 2):
 PSYoungGen      total 169984K, used 146338K [0x00000000e0000000, 0x00000000ec380000, 0x0000000100000000)
  eden space 158208K, 85% used [0x00000000e0000000,0x00000000e836c208,0x00000000e9a80000)
  from space 11776K, 99% used [0x00000000eb800000,0x00000000ec37c800,0x00000000ec380000)
  to   space 14336K, 0% used [0x00000000ea780000,0x00000000ea780000,0x00000000eb580000)
 ParOldGen       total 78848K, used 20773K [0x00000000a0000000, 0x00000000a4d00000, 0x00000000e0000000)
  object space 78848K, 26% used [0x00000000a0000000,0x00000000a14497b0,0x00000000a4d00000)
 Metaspace       used 57250K, capacity 59118K, committed 59160K, reserved 1099776K
  class space    used 8006K, capacity 8406K, committed 8448K, reserved 1048576K
Event: 13.089 GC heap after
Heap after GC invocations=13 (full 2):
 PSYoungGen      total 185856K, used 14187K [0x00000000e0000000, 0x00000000eea80000, 0x0000000100000000)
  eden space 171520K, 0% used [0x00000000e0000000,0x00000000e0000000,0x00000000ea780000)
  from space 14336K, 98% used [0x00000000ea780000,0x00000000eb55ae30,0x00000000eb580000)
  to   space 15872K, 0% used [0x00000000edb00000,0x00000000edb00000,0x00000000eea80000)
 ParOldGen       total 78848K, used 28561K [0x00000000a0000000, 0x00000000a4d00000, 0x00000000e0000000)
  object space 78848K, 36% used [0x00000000a0000000,0x00000000a1be45e8,0x00000000a4d00000)
 Metaspace       used 57250K, capacity 59118K, committed 59160K, reserved 1099776K
  class space    used 8006K, capacity 8406K, committed 8448K, reserved 1048576K
}
Event: 13.089 GC heap before
{Heap before GC invocations=14 (full 3):
 PSYoungGen      total 185856K, used 14187K [0x00000000e0000000, 0x00000000eea80000, 0x0000000100000000)
  eden space 171520K, 0% used [0x00000000e0000000,0x00000000e0000000,0x00000000ea780000)
  from space 14336K, 98% used [0x00000000ea780000,0x00000000eb55ae30,0x00000000eb580000)
  to   space 15872K, 0% used [0x00000000edb00000,0x00000000edb00000,0x00000000eea80000)
 ParOldGen       total 78848K, used 28561K [0x00000000a0000000, 0x00000000a4d00000, 0x00000000e0000000)
  object space 78848K, 36% used [0x00000000a0000000,0x00000000a1be45e8,0x00000000a4d00000)
 Metaspace       used 57250K, capacity 59118K, committed 59160K, reserved 1099776K
  class space    used 8006K, capacity 8406K, committed 8448K, reserved 1048576K
Event: 13.375 GC heap after
Heap after GC invocations=14 (full 3):
 PSYoungGen      total 185856K, used 0K [0x00000000e0000000, 0x00000000eea80000, 0x0000000100000000)
  eden space 171520K, 0% used [0x00000000e0000000,0x00000000e0000000,0x00000000ea780000)
  from space 14336K, 0% used [0x00000000ea780000,0x00000000ea780000,0x00000000eb580000)
  to   space 15872K, 0% used [0x00000000edb00000,0x00000000edb00000,0x00000000eea80000)
 ParOldGen       total 125440K, used 35623K [0x00000000a0000000, 0x00000000a7a80000, 0x00000000e0000000)
  object space 125440K, 28% used [0x00000000a0000000,0x00000000a22c9cb0,0x00000000a7a80000)
 Metaspace       used 57099K, capacity 58682K, committed 59160K, reserved 1099776K
  class space    used 7961K, capacity 8328K, committed 8448K, reserved 1048576K
}
Event: 4873.846 GC heap before
{Heap before GC invocations=15 (full 3):
 PSYoungGen      total 185856K, used 171520K [0x00000000e0000000, 0x00000000eea80000, 0x0000000100000000)
  eden space 171520K, 100% used [0x00000000e0000000,0x00000000ea780000,0x00000000ea780000)
  from space 14336K, 0% used [0x00000000ea780000,0x00000000ea780000,0x00000000eb580000)
  to   space 15872K, 0% used [0x00000000edb00000,0x00000000edb00000,0x00000000eea80000)
 ParOldGen       total 125440K, used 35623K [0x00000000a0000000, 0x00000000a7a80000, 0x00000000e0000000)
  object space 125440K, 28% used [0x00000000a0000000,0x00000000a22c9cb0,0x00000000a7a80000)
 Metaspace       used 63735K, capacity 65732K, committed 65920K, reserved 1105920K
  class space    used 8593K, capacity 9025K, committed 9088K, reserved 1048576K
Event: 4873.909 GC heap after
Heap after GC invocations=15 (full 3):
 PSYoungGen      total 208384K, used 11854K [0x00000000e0000000, 0x00000000ee700000, 0x0000000100000000)
  eden space 196096K, 0% used [0x00000000e0000000,0x00000000e0000000,0x00000000ebf80000)
  from space 12288K, 96% used [0x00000000edb00000,0x00000000ee6938a0,0x00000000ee700000)
  to   space 16384K, 0% used [0x00000000ec700000,0x00000000ec700000,0x00000000ed700000)
 ParOldGen       total 125440K, used 35631K [0x00000000a0000000, 0x00000000a7a80000, 0x00000000e0000000)
  object space 125440K, 28% used [0x00000000a0000000,0x00000000a22cbcb0,0x00000000a7a80000)
 Metaspace       used 63735K, capacity 65732K, committed 65920K, reserved 1105920K
  class space    used 8593K, capacity 9025K, committed 9088K, reserved 1048576K
}
Event: 4928.056 GC heap before
{Heap before GC invocations=16 (full 3):
 PSYoungGen      total 208384K, used 207950K [0x00000000e0000000, 0x00000000ee700000, 0x0000000100000000)
  eden space 196096K, 100% used [0x00000000e0000000,0x00000000ebf80000,0x00000000ebf80000)
  from space 12288K, 96% used [0x00000000edb00000,0x00000000ee6938a0,0x00000000ee700000)
  to   space 16384K, 0% used [0x00000000ec700000,0x00000000ec700000,0x00000000ed700000)
 ParOldGen       total 125440K, used 35631K [0x00000000a0000000, 0x00000000a7a80000, 0x00000000e0000000)
  object space 125440K, 28% used [0x00000000a0000000,0x00000000a22cbcb0,0x00000000a7a80000)
 Metaspace       used 71387K, capacity 73626K, committed 73856K, reserved 1114112K
  class space    used 9550K, capacity 10066K, committed 10112K, reserved 1048576K
Event: 4928.097 GC heap after
Heap after GC invocations=16 (full 3):
 PSYoungGen      total 205824K, used 16380K [0x00000000e0000000, 0x00000000ee300000, 0x0000000100000000)
  eden space 189440K, 0% used [0x00000000e0000000,0x00000000e0000000,0x00000000eb900000)
  from space 16384K, 99% used [0x00000000ec700000,0x00000000ed6ff088,0x00000000ed700000)
  to   space 12288K, 0% used [0x00000000ed700000,0x00000000ed700000,0x00000000ee300000)
 ParOldGen       total 125440K, used 44462K [0x00000000a0000000, 0x00000000a7a80000, 0x00000000e0000000)
  object space 125440K, 35% used [0x00000000a0000000,0x00000000a2b6bad0,0x00000000a7a80000)
 Metaspace       used 71387K, capacity 73626K, committed 73856K, reserved 1114112K
  class space    used 9550K, capacity 10066K, committed 10112K, reserved 1048576K
}

